c:\users\thisb\documents\github\platformer\platformer\x64\debug\vc141.pdb
c:\users\thisb\documents\github\platformer\platformer\x64\debug\vc141.idb
c:\users\thisb\documents\github\platformer\platformer\x64\debug\main.obj
c:\users\thisb\documents\github\platformer\platformer\x64\debug\maps.obj
c:\users\thisb\documents\github\platformer\platformer\x64\debug\functionschero.obj
c:\users\thisb\documents\github\platformer\platformer\x64\debug\controlsсhero.obj
c:\users\thisb\documents\github\platformer\platformer\x64\debug\functionscsubject.obj
c:\users\thisb\documents\github\platformer\platformer\x64\debug\functionscobject.obj
c:\users\thisb\documents\github\platformer\platformer\x64\debug\functioncontrolsсhero.obj
c:\users\thisb\documents\github\platformer\platformer\x64\debug\platformer.obj
c:\users\thisb\documents\github\platformer\x64\debug\platformer.pdb
c:\users\thisb\documents\github\platformer\platformer\x64\debug\platformer.tlog\cl.command.1.tlog
c:\users\thisb\documents\github\platformer\platformer\x64\debug\platformer.tlog\cl.read.1.tlog
c:\users\thisb\documents\github\platformer\platformer\x64\debug\platformer.tlog\cl.write.1.tlog
c:\users\thisb\documents\github\platformer\platformer\x64\debug\platformer.tlog\link-cvtres.read.1.tlog
c:\users\thisb\documents\github\platformer\platformer\x64\debug\platformer.tlog\link-cvtres.write.1.tlog
c:\users\thisb\documents\github\platformer\platformer\x64\debug\platformer.tlog\link-rc.read.1.tlog
c:\users\thisb\documents\github\platformer\platformer\x64\debug\platformer.tlog\link-rc.write.1.tlog
c:\users\thisb\documents\github\platformer\platformer\x64\debug\platformer.tlog\link.command.1.tlog
c:\users\thisb\documents\github\platformer\platformer\x64\debug\platformer.tlog\link.read.1.tlog
c:\users\thisb\documents\github\platformer\platformer\x64\debug\platformer.tlog\link.write.1.tlog
