  FunctionsCHero.cpp
D:\Source\repos\MrBattary\Platformer\Platformer\FunctionsCHero.cpp(6,10): warning C4067: непредвиденные лексемы за директивой препроцессора, требуется newline
D:\Source\repos\MrBattary\Platformer\Platformer\ClassHero.h(104,43): warning C4244: аргумент: преобразование "float" в "T", возможна потеря данных
          with
          [
              T=int
          ]
D:\Source\repos\MrBattary\Platformer\Platformer\ClassHero.h(104,39): warning C4244: аргумент: преобразование "float" в "T", возможна потеря данных
          with
          [
              T=int
          ]
D:\Source\repos\MrBattary\Platformer\Platformer\ClassHero.h(115,37): warning C4244: +=: преобразование "float" в "int", возможна потеря данных
D:\Source\repos\MrBattary\Platformer\Platformer\ClassHero.h(142,33): warning C4244: return: преобразование "int" в "float", возможна потеря данных
D:\Source\repos\MrBattary\Platformer\Platformer\ClassHero.h(143,30): warning C4244: return: преобразование "int" в "float", возможна потеря данных
D:\Source\repos\MrBattary\Platformer\Platformer\ClassHero.h(195,42): warning C4244: =: преобразование "float" в "int", возможна потеря данных
D:\Source\repos\MrBattary\Platformer\Platformer\ClassHero.h(196,48): warning C4244: =: преобразование "float" в "int", возможна потеря данных
D:\Source\repos\MrBattary\Platformer\Platformer\FunctionsCHero.cpp(36,16): warning C4244: =: преобразование "float" в "int", возможна потеря данных
D:\Source\repos\MrBattary\Platformer\Platformer\FunctionsCHero.cpp(129,65): warning C4305: аргумент: усечение из "double" в "float"
D:\Source\repos\MrBattary\Platformer\Platformer\FunctionsCHero.cpp(132,66): warning C4305: аргумент: усечение из "double" в "float"
D:\Source\repos\MrBattary\Platformer\Platformer\FunctionsCHero.cpp(135,66): warning C4305: аргумент: усечение из "double" в "float"
D:\Source\repos\MrBattary\Platformer\Platformer\FunctionsCHero.cpp(138,65): warning C4305: аргумент: усечение из "double" в "float"
D:\Source\repos\MrBattary\Platformer\Platformer\FunctionsCHero.cpp(150,64): warning C4305: аргумент: усечение из "double" в "float"
D:\Source\repos\MrBattary\Platformer\Platformer\FunctionsCHero.cpp(153,65): warning C4305: аргумент: усечение из "double" в "float"
D:\Source\repos\MrBattary\Platformer\Platformer\FunctionsCHero.cpp(156,65): warning C4305: аргумент: усечение из "double" в "float"
D:\Source\repos\MrBattary\Platformer\Platformer\FunctionsCHero.cpp(159,64): warning C4305: аргумент: усечение из "double" в "float"
D:\Source\repos\MrBattary\Platformer\Platformer\FunctionsCHero.cpp(171,63): warning C4305: аргумент: усечение из "double" в "float"
D:\Source\repos\MrBattary\Platformer\Platformer\FunctionsCHero.cpp(181,63): warning C4305: аргумент: усечение из "double" в "float"
D:\Source\repos\MrBattary\Platformer\Platformer\FunctionsCHero.cpp(189,64): warning C4305: аргумент: усечение из "double" в "float"
D:\Source\repos\MrBattary\Platformer\Platformer\FunctionsCHero.cpp(197,64): warning C4305: аргумент: усечение из "double" в "float"
D:\Source\repos\MrBattary\Platformer\Platformer\FunctionsCHero.cpp(205,66): warning C4305: аргумент: усечение из "double" в "float"
D:\Source\repos\MrBattary\Platformer\Platformer\FunctionsCHero.cpp(214,66): warning C4305: аргумент: усечение из "double" в "float"
D:\Source\repos\MrBattary\Platformer\Platformer\FunctionsCHero.cpp(222,68): warning C4305: аргумент: усечение из "double" в "float"
D:\Source\repos\MrBattary\Platformer\Platformer\FunctionsCHero.cpp(230,68): warning C4305: аргумент: усечение из "double" в "float"
D:\Source\repos\MrBattary\Platformer\Platformer\FunctionsCHero.cpp(238,65): warning C4305: аргумент: усечение из "double" в "float"
D:\Source\repos\MrBattary\Platformer\Platformer\FunctionsCHero.cpp(247,65): warning C4305: аргумент: усечение из "double" в "float"
D:\Source\repos\MrBattary\Platformer\Platformer\FunctionsCHero.cpp(255,67): warning C4305: аргумент: усечение из "double" в "float"
D:\Source\repos\MrBattary\Platformer\Platformer\FunctionsCHero.cpp(263,67): warning C4305: аргумент: усечение из "double" в "float"
D:\Source\repos\MrBattary\Platformer\Platformer\FunctionsCHero.cpp(272,64): warning C4305: аргумент: усечение из "double" в "float"
D:\Source\repos\MrBattary\Platformer\Platformer\FunctionsCHero.cpp(281,64): warning C4305: аргумент: усечение из "double" в "float"
D:\Source\repos\MrBattary\Platformer\Platformer\FunctionsCHero.cpp(289,65): warning C4305: аргумент: усечение из "double" в "float"
D:\Source\repos\MrBattary\Platformer\Platformer\FunctionsCHero.cpp(297,65): warning C4305: аргумент: усечение из "double" в "float"
D:\Source\repos\MrBattary\Platformer\Platformer\FunctionsCHero.cpp(306,67): warning C4305: аргумент: усечение из "double" в "float"
D:\Source\repos\MrBattary\Platformer\Platformer\FunctionsCHero.cpp(315,67): warning C4305: аргумент: усечение из "double" в "float"
D:\Source\repos\MrBattary\Platformer\Platformer\FunctionsCHero.cpp(323,69): warning C4305: аргумент: усечение из "double" в "float"
D:\Source\repos\MrBattary\Platformer\Platformer\FunctionsCHero.cpp(331,69): warning C4305: аргумент: усечение из "double" в "float"
D:\Source\repos\MrBattary\Platformer\Platformer\FunctionsCHero.cpp(340,66): warning C4305: аргумент: усечение из "double" в "float"
D:\Source\repos\MrBattary\Platformer\Platformer\FunctionsCHero.cpp(349,66): warning C4305: аргумент: усечение из "double" в "float"
D:\Source\repos\MrBattary\Platformer\Platformer\FunctionsCHero.cpp(357,68): warning C4305: аргумент: усечение из "double" в "float"
D:\Source\repos\MrBattary\Platformer\Platformer\FunctionsCHero.cpp(365,68): warning C4305: аргумент: усечение из "double" в "float"
D:\Source\repos\MrBattary\Platformer\Platformer\FunctionsCHero.cpp(372,193): warning C4305: аргумент: усечение из "double" в "float"
D:\Source\repos\MrBattary\Platformer\Platformer\FunctionsCHero.cpp(378,209): warning C4305: аргумент: усечение из "double" в "float"
D:\Source\repos\MrBattary\Platformer\Platformer\FunctionsCHero.cpp(384,205): warning C4305: аргумент: усечение из "double" в "float"
D:\Source\repos\MrBattary\Platformer\Platformer\FunctionsCHero.cpp(390,200): warning C4305: аргумент: усечение из "double" в "float"
D:\Source\repos\MrBattary\Platformer\Platformer\FunctionsCHero.cpp(396,216): warning C4305: аргумент: усечение из "double" в "float"
D:\Source\repos\MrBattary\Platformer\Platformer\FunctionsCHero.cpp(402,212): warning C4305: аргумент: усечение из "double" в "float"
D:\Source\repos\MrBattary\Platformer\Platformer\FunctionsCHero.cpp(408,205): warning C4305: аргумент: усечение из "double" в "float"
D:\Source\repos\MrBattary\Platformer\Platformer\FunctionsCHero.cpp(414,216): warning C4305: аргумент: усечение из "double" в "float"
D:\Source\repos\MrBattary\Platformer\Platformer\FunctionsCHero.cpp(420,212): warning C4305: аргумент: усечение из "double" в "float"
D:\Source\repos\MrBattary\Platformer\Platformer\FunctionsCHero.cpp(426,212): warning C4305: аргумент: усечение из "double" в "float"
D:\Source\repos\MrBattary\Platformer\Platformer\FunctionsCHero.cpp(432,223): warning C4305: аргумент: усечение из "double" в "float"
D:\Source\repos\MrBattary\Platformer\Platformer\FunctionsCHero.cpp(438,219): warning C4305: аргумент: усечение из "double" в "float"
D:\Source\repos\MrBattary\Platformer\Platformer\FunctionsCHero.cpp(444,206): warning C4305: аргумент: усечение из "double" в "float"
D:\Source\repos\MrBattary\Platformer\Platformer\FunctionsCHero.cpp(450,214): warning C4305: аргумент: усечение из "double" в "float"
D:\Source\repos\MrBattary\Platformer\Platformer\FunctionsCHero.cpp(456,211): warning C4305: аргумент: усечение из "double" в "float"
D:\Source\repos\MrBattary\Platformer\Platformer\FunctionsCHero.cpp(462,212): warning C4305: аргумент: усечение из "double" в "float"
D:\Source\repos\MrBattary\Platformer\Platformer\FunctionsCHero.cpp(468,220): warning C4305: аргумент: усечение из "double" в "float"
D:\Source\repos\MrBattary\Platformer\Platformer\FunctionsCHero.cpp(474,217): warning C4305: аргумент: усечение из "double" в "float"
  Pillars.cpp
D:\Source\repos\MrBattary\Platformer\Platformer\ClassHero.h(104,43): warning C4244: аргумент: преобразование "float" в "T", возможна потеря данных
          with
          [
              T=int
          ]
D:\Source\repos\MrBattary\Platformer\Platformer\ClassHero.h(104,39): warning C4244: аргумент: преобразование "float" в "T", возможна потеря данных
          with
          [
              T=int
          ]
D:\Source\repos\MrBattary\Platformer\Platformer\ClassHero.h(115,37): warning C4244: +=: преобразование "float" в "int", возможна потеря данных
D:\Source\repos\MrBattary\Platformer\Platformer\ClassHero.h(142,33): warning C4244: return: преобразование "int" в "float", возможна потеря данных
D:\Source\repos\MrBattary\Platformer\Platformer\ClassHero.h(143,30): warning C4244: return: преобразование "int" в "float", возможна потеря данных
D:\Source\repos\MrBattary\Platformer\Platformer\ClassHero.h(195,42): warning C4244: =: преобразование "float" в "int", возможна потеря данных
D:\Source\repos\MrBattary\Platformer\Platformer\ClassHero.h(196,48): warning C4244: =: преобразование "float" в "int", возможна потеря данных
D:\Source\repos\MrBattary\Platformer\Platformer\Pillars.cpp(71,19): warning C4244: аргумент: преобразование "double" в "float", возможна потеря данных
D:\Source\repos\MrBattary\Platformer\Platformer\Pillars.cpp(75,19): warning C4244: аргумент: преобразование "double" в "float", возможна потеря данных
D:\Source\repos\MrBattary\Platformer\Platformer\Pillars.cpp(84,44): warning C4244: аргумент: преобразование "double" в "float", возможна потеря данных
D:\Source\repos\MrBattary\Platformer\Platformer\Pillars.cpp(88,44): warning C4244: аргумент: преобразование "double" в "float", возможна потеря данных
D:\Source\repos\MrBattary\Platformer\Platformer\Pillars.cpp(106,18): warning C4244: аргумент: преобразование "double" в "float", возможна потеря данных
D:\Source\repos\MrBattary\Platformer\Platformer\Pillars.cpp(110,18): warning C4244: аргумент: преобразование "double" в "float", возможна потеря данных
D:\Source\repos\MrBattary\Platformer\Platformer\Pillars.cpp(119,43): warning C4244: аргумент: преобразование "double" в "float", возможна потеря данных
D:\Source\repos\MrBattary\Platformer\Platformer\Pillars.cpp(123,43): warning C4244: аргумент: преобразование "double" в "float", возможна потеря данных
D:\Source\repos\MrBattary\Platformer\Platformer\Pillars.cpp(150,46): warning C4244: аргумент: преобразование "double" в "float", возможна потеря данных
D:\Source\repos\MrBattary\Platformer\Platformer\Pillars.cpp(155,46): warning C4244: аргумент: преобразование "double" в "float", возможна потеря данных
D:\Source\repos\MrBattary\Platformer\Platformer\Pillars.cpp(163,46): warning C4244: аргумент: преобразование "double" в "float", возможна потеря данных
D:\Source\repos\MrBattary\Platformer\Platformer\Pillars.cpp(168,46): warning C4244: аргумент: преобразование "double" в "float", возможна потеря данных
D:\Source\repos\MrBattary\Platformer\Platformer\Pillars.cpp(190,45): warning C4244: аргумент: преобразование "double" в "float", возможна потеря данных
D:\Source\repos\MrBattary\Platformer\Platformer\Pillars.cpp(194,45): warning C4244: аргумент: преобразование "double" в "float", возможна потеря данных
D:\Source\repos\MrBattary\Platformer\Platformer\Pillars.cpp(202,45): warning C4244: аргумент: преобразование "double" в "float", возможна потеря данных
D:\Source\repos\MrBattary\Platformer\Platformer\Pillars.cpp(206,45): warning C4244: аргумент: преобразование "double" в "float", возможна потеря данных
D:\Source\repos\MrBattary\Platformer\Platformer\Pillars.cpp(238,45): warning C4244: аргумент: преобразование "double" в "float", возможна потеря данных
D:\Source\repos\MrBattary\Platformer\Platformer\Pillars.cpp(242,45): warning C4244: аргумент: преобразование "double" в "float", возможна потеря данных
D:\Source\repos\MrBattary\Platformer\Platformer\Pillars.cpp(252,46): warning C4244: аргумент: преобразование "double" в "float", возможна потеря данных
D:\Source\repos\MrBattary\Platformer\Platformer\Pillars.cpp(256,46): warning C4244: аргумент: преобразование "double" в "float", возможна потеря данных
  Создание кода...
LINK : warning LNK4075: не учитывается "/INCREMENTAL" из-за спецификации "/PROFILE"
FunctionsCNPCEnemyCommonDHight.obj : warning LNK4075: не учитывается "/EDITANDCONTINUE" из-за спецификации "/OPT:REF"
  Platformer.vcxproj -> D:\Source\repos\MrBattary\Platformer\x64\Debug\Platformer.exe
