c:\users\анна\downloads\platformer-master\platformer-master\platformer\x64\release\vc141.pdb
c:\users\анна\downloads\platformer-master\platformer-master\platformer\x64\release\main.obj
c:\users\анна\downloads\platformer-master\platformer-master\platformer\x64\release\maps.obj
c:\users\анна\downloads\platformer-master\platformer-master\platformer\x64\release\functionschero.obj
c:\users\анна\downloads\platformer-master\platformer-master\platformer\x64\release\controlsсhero.obj
c:\users\анна\downloads\platformer-master\platformer-master\x64\release\platformer.exe
c:\users\анна\downloads\platformer-master\platformer-master\x64\release\platformer.pdb
c:\users\анна\downloads\platformer-master\platformer-master\x64\release\platformer.ipdb
c:\users\анна\downloads\platformer-master\platformer-master\x64\release\platformer.iobj
d:\platformer-master\platformer-master\platformer\x64\release\controlsсhero.obj
d:\platformer-master\platformer-master\platformer\x64\release\functionschero.obj
d:\platformer-master\platformer-master\platformer\x64\release\main.obj
d:\platformer-master\platformer-master\platformer\x64\release\maps.obj
d:\platformer-master\platformer-master\platformer\x64\release\vc141.pdb
d:\platformer-master\platformer-master\x64\release\platformer.pdb
d:\platformer-master\platformer-master\x64\release\platformer.exe
d:\platformer-master\platformer-master\platformer\x64\release\platformer.tlog\cl.command.1.tlog
d:\platformer-master\platformer-master\platformer\x64\release\platformer.tlog\cl.read.1.tlog
d:\platformer-master\platformer-master\platformer\x64\release\platformer.tlog\cl.write.1.tlog
d:\platformer-master\platformer-master\platformer\x64\release\platformer.tlog\link.command.1.tlog
d:\platformer-master\platformer-master\platformer\x64\release\platformer.tlog\link.read.1.tlog
d:\platformer-master\platformer-master\platformer\x64\release\platformer.tlog\link.write.1.tlog
d:\platformer-master\platformer-master\platformer\x64\release\platformer.tlog\platformer.write.1u.tlog
